*** Starting uWSGI 2.0.18 (64bit) on [Wed Apr  8 02:45:31 2020] ***
compiled with version: 7.5.0 on 07 April 2020 23:31:59
os: Linux-5.0.0-38-generic #41-Ubuntu SMP Tue Dec 3 00:27:35 UTC 2019
nodename: b8acc7a8a6d7
machine: x86_64
clock source: unix
detected number of CPU cores: 12
current working directory: /sb
detected binary path: /usr/local/bin/uwsgi
!!! no internal routing support, rebuild with pcre support !!!
uWSGI running as root, you can use --uid/--gid/--chroot options
*** WARNING: you are running uWSGI as root !!! (use the --uid flag) *** 
*** WARNING: you are running uWSGI without its master process manager ***
your memory page size is 4096 bytes
detected max file descriptor number: 1048576
lock engine: pthread robust mutexes
thunder lock: disabled (you can enable it with --thunder-lock)
uwsgi socket 0 bound to TCP address 0.0.0.0:9100 fd 3
uWSGI running as root, you can use --uid/--gid/--chroot options
*** WARNING: you are running uWSGI as root !!! (use the --uid flag) *** 
Python version: 3.6.9 (default, Nov  7 2019, 10:44:02)  [GCC 8.3.0]
*** Python threads support is disabled. You can enable it with --enable-threads ***
Python main interpreter initialized at 0x564aada83240
uWSGI running as root, you can use --uid/--gid/--chroot options
*** WARNING: you are running uWSGI as root !!! (use the --uid flag) *** 
your server socket listen backlog is limited to 100 connections
your mercy for graceful operations on workers is 60 seconds
mapped 72904 bytes (71 KB) for 1 cores
*** Operational MODE: single process ***
WSGI app 0 (mountpoint='') ready in 1 seconds on interpreter 0x564aada83240 pid: 1 (default app)
uWSGI running as root, you can use --uid/--gid/--chroot options
*** WARNING: you are running uWSGI as root !!! (use the --uid flag) *** 
*** uWSGI is running in multiple interpreter mode ***
spawned uWSGI worker 1 (and the only) (pid: 1, cores: 1)
*** Starting uWSGI 2.0.18 (64bit) on [Wed Apr  8 02:48:44 2020] ***
compiled with version: 7.5.0 on 07 April 2020 23:31:59
os: Linux-5.0.0-38-generic #41-Ubuntu SMP Tue Dec 3 00:27:35 UTC 2019
nodename: d462321c4177
machine: x86_64
clock source: unix
detected number of CPU cores: 12
current working directory: /sb
detected binary path: /usr/local/bin/uwsgi
!!! no internal routing support, rebuild with pcre support !!!
uWSGI running as root, you can use --uid/--gid/--chroot options
*** WARNING: you are running uWSGI as root !!! (use the --uid flag) *** 
*** WARNING: you are running uWSGI without its master process manager ***
your memory page size is 4096 bytes
detected max file descriptor number: 1048576
lock engine: pthread robust mutexes
thunder lock: disabled (you can enable it with --thunder-lock)
uwsgi socket 0 bound to TCP address 0.0.0.0:9100 fd 3
uWSGI running as root, you can use --uid/--gid/--chroot options
*** WARNING: you are running uWSGI as root !!! (use the --uid flag) *** 
Python version: 3.6.9 (default, Nov  7 2019, 10:44:02)  [GCC 8.3.0]
*** Python threads support is disabled. You can enable it with --enable-threads ***
Python main interpreter initialized at 0x5600cd48e240
uWSGI running as root, you can use --uid/--gid/--chroot options
*** WARNING: you are running uWSGI as root !!! (use the --uid flag) *** 
your server socket listen backlog is limited to 100 connections
your mercy for graceful operations on workers is 60 seconds
mapped 72904 bytes (71 KB) for 1 cores
*** Operational MODE: single process ***
WSGI app 0 (mountpoint='') ready in 0 seconds on interpreter 0x5600cd48e240 pid: 1 (default app)
uWSGI running as root, you can use --uid/--gid/--chroot options
*** WARNING: you are running uWSGI as root !!! (use the --uid flag) *** 
*** uWSGI is running in multiple interpreter mode ***
spawned uWSGI worker 1 (and the only) (pid: 1, cores: 1)
[pid: 1|app: 0|req: 1/1] 192.168.10.99 () {40 vars in 507 bytes} [Wed Apr  8 02:49:33 2020] POST / => generated 538 bytes in 19 msecs (HTTP/1.1 200) 2 headers in 121 bytes (1 switches on core 0)
[pid: 1|app: 0|req: 2/2] 192.168.10.99 () {42 vars in 580 bytes} [Wed Apr  8 02:49:33 2020] POST / => generated 0 bytes in 3 msecs (HTTP/1.1 200) 2 headers in 121 bytes (1 switches on core 0)
[pid: 1|app: 0|req: 3/3] 192.168.10.99 () {40 vars in 507 bytes} [Wed Apr  8 02:49:35 2020] POST / => generated 538 bytes in 9 msecs (HTTP/1.1 200) 2 headers in 121 bytes (1 switches on core 0)
[pid: 1|app: 0|req: 4/4] 192.168.10.99 () {42 vars in 580 bytes} [Wed Apr  8 02:49:35 2020] POST / => generated 0 bytes in 4 msecs (HTTP/1.1 200) 2 headers in 121 bytes (1 switches on core 0)
*** Starting uWSGI 2.0.18 (64bit) on [Wed Apr  8 03:01:10 2020] ***
compiled with version: 7.5.0 on 07 April 2020 23:31:59
os: Linux-5.0.0-38-generic #41-Ubuntu SMP Tue Dec 3 00:27:35 UTC 2019
nodename: bedfb2954428
machine: x86_64
clock source: unix
detected number of CPU cores: 12
current working directory: /sb
detected binary path: /usr/local/bin/uwsgi
!!! no internal routing support, rebuild with pcre support !!!
uWSGI running as root, you can use --uid/--gid/--chroot options
*** WARNING: you are running uWSGI as root !!! (use the --uid flag) *** 
*** WARNING: you are running uWSGI without its master process manager ***
your memory page size is 4096 bytes
detected max file descriptor number: 1048576
lock engine: pthread robust mutexes
thunder lock: disabled (you can enable it with --thunder-lock)
uwsgi socket 0 bound to TCP address 0.0.0.0:9100 fd 3
uWSGI running as root, you can use --uid/--gid/--chroot options
*** WARNING: you are running uWSGI as root !!! (use the --uid flag) *** 
Python version: 3.6.9 (default, Nov  7 2019, 10:44:02)  [GCC 8.3.0]
*** Python threads support is disabled. You can enable it with --enable-threads ***
Python main interpreter initialized at 0x557289297240
uWSGI running as root, you can use --uid/--gid/--chroot options
*** WARNING: you are running uWSGI as root !!! (use the --uid flag) *** 
your server socket listen backlog is limited to 100 connections
your mercy for graceful operations on workers is 60 seconds
mapped 72904 bytes (71 KB) for 1 cores
*** Operational MODE: single process ***
WSGI app 0 (mountpoint='') ready in 0 seconds on interpreter 0x557289297240 pid: 1 (default app)
uWSGI running as root, you can use --uid/--gid/--chroot options
*** WARNING: you are running uWSGI as root !!! (use the --uid flag) *** 
*** uWSGI is running in multiple interpreter mode ***
spawned uWSGI worker 1 (and the only) (pid: 1, cores: 1)
*** Starting uWSGI 2.0.18 (64bit) on [Wed Apr  8 03:01:41 2020] ***
compiled with version: 7.5.0 on 07 April 2020 23:31:59
os: Linux-5.0.0-38-generic #41-Ubuntu SMP Tue Dec 3 00:27:35 UTC 2019
nodename: bedfb2954428
machine: x86_64
clock source: unix
detected number of CPU cores: 12
current working directory: /sb
detected binary path: /usr/local/bin/uwsgi
!!! no internal routing support, rebuild with pcre support !!!
uWSGI running as root, you can use --uid/--gid/--chroot options
*** WARNING: you are running uWSGI as root !!! (use the --uid flag) *** 
*** WARNING: you are running uWSGI without its master process manager ***
your memory page size is 4096 bytes
detected max file descriptor number: 1048576
lock engine: pthread robust mutexes
thunder lock: disabled (you can enable it with --thunder-lock)
uwsgi socket 0 bound to TCP address 0.0.0.0:9100 fd 3
uWSGI running as root, you can use --uid/--gid/--chroot options
*** WARNING: you are running uWSGI as root !!! (use the --uid flag) *** 
Python version: 3.6.9 (default, Nov  7 2019, 10:44:02)  [GCC 8.3.0]
*** Python threads support is disabled. You can enable it with --enable-threads ***
Python main interpreter initialized at 0x56163f179240
uWSGI running as root, you can use --uid/--gid/--chroot options
*** WARNING: you are running uWSGI as root !!! (use the --uid flag) *** 
your server socket listen backlog is limited to 100 connections
your mercy for graceful operations on workers is 60 seconds
mapped 72904 bytes (71 KB) for 1 cores
*** Operational MODE: single process ***
WSGI app 0 (mountpoint='') ready in 0 seconds on interpreter 0x56163f179240 pid: 1 (default app)
uWSGI running as root, you can use --uid/--gid/--chroot options
*** WARNING: you are running uWSGI as root !!! (use the --uid flag) *** 
*** uWSGI is running in multiple interpreter mode ***
spawned uWSGI worker 1 (and the only) (pid: 1, cores: 1)
[pid: 1|app: 0|req: 1/1] 192.168.10.99 () {40 vars in 507 bytes} [Wed Apr  8 03:01:50 2020] POST / => generated 538 bytes in 21 msecs (HTTP/1.1 200) 2 headers in 121 bytes (1 switches on core 0)
[pid: 1|app: 0|req: 2/2] 192.168.10.99 () {42 vars in 580 bytes} [Wed Apr  8 03:01:50 2020] POST / => generated 0 bytes in 4 msecs (HTTP/1.1 200) 2 headers in 121 bytes (1 switches on core 0)
*** Starting uWSGI 2.0.18 (64bit) on [Wed Apr  8 03:12:23 2020] ***
compiled with version: 7.5.0 on 07 April 2020 23:31:59
os: Linux-5.0.0-38-generic #41-Ubuntu SMP Tue Dec 3 00:27:35 UTC 2019
nodename: 00da20fa2243
machine: x86_64
clock source: unix
detected number of CPU cores: 12
current working directory: /sb
detected binary path: /usr/local/bin/uwsgi
!!! no internal routing support, rebuild with pcre support !!!
uWSGI running as root, you can use --uid/--gid/--chroot options
*** WARNING: you are running uWSGI as root !!! (use the --uid flag) *** 
*** WARNING: you are running uWSGI without its master process manager ***
your memory page size is 4096 bytes
detected max file descriptor number: 1048576
lock engine: pthread robust mutexes
thunder lock: disabled (you can enable it with --thunder-lock)
uwsgi socket 0 bound to TCP address 0.0.0.0:9100 fd 3
uWSGI running as root, you can use --uid/--gid/--chroot options
*** WARNING: you are running uWSGI as root !!! (use the --uid flag) *** 
Python version: 3.6.9 (default, Nov  7 2019, 10:44:02)  [GCC 8.3.0]
*** Python threads support is disabled. You can enable it with --enable-threads ***
Python main interpreter initialized at 0x5605e4689240
uWSGI running as root, you can use --uid/--gid/--chroot options
*** WARNING: you are running uWSGI as root !!! (use the --uid flag) *** 
your server socket listen backlog is limited to 100 connections
your mercy for graceful operations on workers is 60 seconds
mapped 72904 bytes (71 KB) for 1 cores
*** Operational MODE: single process ***
WSGI app 0 (mountpoint='') ready in 0 seconds on interpreter 0x5605e4689240 pid: 1 (default app)
uWSGI running as root, you can use --uid/--gid/--chroot options
*** WARNING: you are running uWSGI as root !!! (use the --uid flag) *** 
*** uWSGI is running in multiple interpreter mode ***
spawned uWSGI worker 1 (and the only) (pid: 1, cores: 1)
Traceback (most recent call last):
  File "/usr/local/lib/python3.6/dist-packages/pymysql/connections.py", line 583, in connect
    **kwargs)
  File "/usr/lib/python3.6/socket.py", line 724, in create_connection
    raise err
  File "/usr/lib/python3.6/socket.py", line 713, in create_connection
    sock.connect(sa)
ConnectionRefusedError: [Errno 111] Connection refused

During handling of the above exception, another exception occurred:

Traceback (most recent call last):
  File "./simple_server.py", line 23, in application
    init.mysql.connected(init.config['MYSQL']['host'],init.config['MYSQL']['port'],init.config['MYSQL']['database'],init.config['MYSQL']['user'],init.config['MYSQL']['password'])
  File "./lib/MySQLProvider.py", line 10, in connected
    self.connect = pymysql.connect(host=host,user=user,password=password,db=database,port=int(port))
  File "/usr/local/lib/python3.6/dist-packages/pymysql/__init__.py", line 94, in Connect
    return Connection(*args, **kwargs)
  File "/usr/local/lib/python3.6/dist-packages/pymysql/connections.py", line 325, in __init__
    self.connect()
  File "/usr/local/lib/python3.6/dist-packages/pymysql/connections.py", line 630, in connect
    raise exc
pymysql.err.OperationalError: (2003, "Can't connect to MySQL server on 'db' ([Errno 111] Connection refused)")
[pid: 1|app: 0|req: 1/1] 192.168.10.99 () {40 vars in 507 bytes} [Wed Apr  8 03:12:41 2020] POST / => generated 0 bytes in 4 msecs (HTTP/1.1 500) 0 headers in 0 bytes (0 switches on core 0)
[pid: 1|app: 0|req: 2/2] 192.168.10.99 () {40 vars in 507 bytes} [Wed Apr  8 03:12:46 2020] POST / => generated 538 bytes in 91 msecs (HTTP/1.1 200) 2 headers in 121 bytes (1 switches on core 0)
[pid: 1|app: 0|req: 3/3] 192.168.10.99 () {42 vars in 580 bytes} [Wed Apr  8 03:12:46 2020] POST / => generated 0 bytes in 5 msecs (HTTP/1.1 200) 2 headers in 121 bytes (1 switches on core 0)
*** Starting uWSGI 2.0.18 (64bit) on [Wed Apr  8 03:13:46 2020] ***
compiled with version: 7.5.0 on 07 April 2020 23:31:59
os: Linux-5.0.0-38-generic #41-Ubuntu SMP Tue Dec 3 00:27:35 UTC 2019
nodename: 00da20fa2243
machine: x86_64
clock source: unix
detected number of CPU cores: 12
current working directory: /sb
detected binary path: /usr/local/bin/uwsgi
!!! no internal routing support, rebuild with pcre support !!!
uWSGI running as root, you can use --uid/--gid/--chroot options
*** WARNING: you are running uWSGI as root !!! (use the --uid flag) *** 
*** WARNING: you are running uWSGI without its master process manager ***
your memory page size is 4096 bytes
detected max file descriptor number: 1048576
lock engine: pthread robust mutexes
thunder lock: disabled (you can enable it with --thunder-lock)
uwsgi socket 0 bound to TCP address 0.0.0.0:9100 fd 3
uWSGI running as root, you can use --uid/--gid/--chroot options
*** WARNING: you are running uWSGI as root !!! (use the --uid flag) *** 
Python version: 3.6.9 (default, Nov  7 2019, 10:44:02)  [GCC 8.3.0]
*** Python threads support is disabled. You can enable it with --enable-threads ***
Python main interpreter initialized at 0x55d52389f240
uWSGI running as root, you can use --uid/--gid/--chroot options
*** WARNING: you are running uWSGI as root !!! (use the --uid flag) *** 
your server socket listen backlog is limited to 100 connections
your mercy for graceful operations on workers is 60 seconds
mapped 72904 bytes (71 KB) for 1 cores
*** Operational MODE: single process ***
WSGI app 0 (mountpoint='') ready in 0 seconds on interpreter 0x55d52389f240 pid: 1 (default app)
uWSGI running as root, you can use --uid/--gid/--chroot options
*** WARNING: you are running uWSGI as root !!! (use the --uid flag) *** 
*** uWSGI is running in multiple interpreter mode ***
spawned uWSGI worker 1 (and the only) (pid: 1, cores: 1)
[pid: 1|app: 0|req: 1/1] 192.168.10.99 () {40 vars in 507 bytes} [Wed Apr  8 03:14:02 2020] POST / => generated 538 bytes in 16 msecs (HTTP/1.1 200) 2 headers in 121 bytes (1 switches on core 0)
[pid: 1|app: 0|req: 2/2] 192.168.10.99 () {42 vars in 580 bytes} [Wed Apr  8 03:14:02 2020] POST / => generated 0 bytes in 5 msecs (HTTP/1.1 200) 2 headers in 121 bytes (1 switches on core 0)
*** Starting uWSGI 2.0.18 (64bit) on [Wed Apr  8 03:16:35 2020] ***
compiled with version: 7.5.0 on 07 April 2020 23:31:59
os: Linux-5.0.0-38-generic #41-Ubuntu SMP Tue Dec 3 00:27:35 UTC 2019
nodename: eb54b5adf349
machine: x86_64
clock source: unix
detected number of CPU cores: 12
current working directory: /sb
detected binary path: /usr/local/bin/uwsgi
!!! no internal routing support, rebuild with pcre support !!!
uWSGI running as root, you can use --uid/--gid/--chroot options
*** WARNING: you are running uWSGI as root !!! (use the --uid flag) *** 
*** WARNING: you are running uWSGI without its master process manager ***
your memory page size is 4096 bytes
detected max file descriptor number: 1048576
lock engine: pthread robust mutexes
thunder lock: disabled (you can enable it with --thunder-lock)
uwsgi socket 0 bound to TCP address 0.0.0.0:9100 fd 3
uWSGI running as root, you can use --uid/--gid/--chroot options
*** WARNING: you are running uWSGI as root !!! (use the --uid flag) *** 
Python version: 3.6.9 (default, Nov  7 2019, 10:44:02)  [GCC 8.3.0]
*** Python threads support is disabled. You can enable it with --enable-threads ***
Python main interpreter initialized at 0x558285d44240
uWSGI running as root, you can use --uid/--gid/--chroot options
*** WARNING: you are running uWSGI as root !!! (use the --uid flag) *** 
your server socket listen backlog is limited to 100 connections
your mercy for graceful operations on workers is 60 seconds
mapped 72904 bytes (71 KB) for 1 cores
*** Operational MODE: single process ***
WSGI app 0 (mountpoint='') ready in 0 seconds on interpreter 0x558285d44240 pid: 1 (default app)
uWSGI running as root, you can use --uid/--gid/--chroot options
*** WARNING: you are running uWSGI as root !!! (use the --uid flag) *** 
*** uWSGI is running in multiple interpreter mode ***
spawned uWSGI worker 1 (and the only) (pid: 1, cores: 1)
[pid: 1|app: 0|req: 1/1] 192.168.10.99 () {40 vars in 507 bytes} [Wed Apr  8 03:17:15 2020] POST / => generated 538 bytes in 24 msecs (HTTP/1.1 200) 2 headers in 121 bytes (1 switches on core 0)
[pid: 1|app: 0|req: 2/2] 192.168.10.99 () {42 vars in 580 bytes} [Wed Apr  8 03:17:15 2020] POST / => generated 0 bytes in 5 msecs (HTTP/1.1 200) 2 headers in 121 bytes (1 switches on core 0)
*** Starting uWSGI 2.0.18 (64bit) on [Wed Apr  8 03:18:29 2020] ***
compiled with version: 7.5.0 on 07 April 2020 23:31:59
os: Linux-5.0.0-38-generic #41-Ubuntu SMP Tue Dec 3 00:27:35 UTC 2019
nodename: 41b9cb3a35c8
machine: x86_64
clock source: unix
detected number of CPU cores: 12
current working directory: /sb
detected binary path: /usr/local/bin/uwsgi
!!! no internal routing support, rebuild with pcre support !!!
uWSGI running as root, you can use --uid/--gid/--chroot options
*** WARNING: you are running uWSGI as root !!! (use the --uid flag) *** 
*** WARNING: you are running uWSGI without its master process manager ***
your memory page size is 4096 bytes
detected max file descriptor number: 1048576
lock engine: pthread robust mutexes
thunder lock: disabled (you can enable it with --thunder-lock)
uwsgi socket 0 bound to TCP address 0.0.0.0:9100 fd 3
uWSGI running as root, you can use --uid/--gid/--chroot options
*** WARNING: you are running uWSGI as root !!! (use the --uid flag) *** 
Python version: 3.6.9 (default, Nov  7 2019, 10:44:02)  [GCC 8.3.0]
*** Python threads support is disabled. You can enable it with --enable-threads ***
Python main interpreter initialized at 0x5595f91e0240
uWSGI running as root, you can use --uid/--gid/--chroot options
*** WARNING: you are running uWSGI as root !!! (use the --uid flag) *** 
your server socket listen backlog is limited to 100 connections
your mercy for graceful operations on workers is 60 seconds
mapped 72904 bytes (71 KB) for 1 cores
*** Operational MODE: single process ***
WSGI app 0 (mountpoint='') ready in 0 seconds on interpreter 0x5595f91e0240 pid: 1 (default app)
uWSGI running as root, you can use --uid/--gid/--chroot options
*** WARNING: you are running uWSGI as root !!! (use the --uid flag) *** 
*** uWSGI is running in multiple interpreter mode ***
spawned uWSGI worker 1 (and the only) (pid: 1, cores: 1)
[pid: 1|app: 0|req: 1/1] 192.168.192.7 () {40 vars in 491 bytes} [Wed Apr  8 03:18:56 2020] POST / => generated 538 bytes in 23 msecs (HTTP/1.0 200) 2 headers in 121 bytes (1 switches on core 0)
[pid: 1|app: 0|req: 2/2] 192.168.192.7 () {42 vars in 564 bytes} [Wed Apr  8 03:18:56 2020] POST / => generated 0 bytes in 3 msecs (HTTP/1.0 200) 2 headers in 121 bytes (1 switches on core 0)
[pid: 1|app: 0|req: 3/3] 192.168.192.7 () {40 vars in 491 bytes} [Wed Apr  8 03:18:58 2020] POST / => generated 538 bytes in 10 msecs (HTTP/1.0 200) 2 headers in 121 bytes (1 switches on core 0)
[pid: 1|app: 0|req: 4/4] 192.168.192.7 () {42 vars in 564 bytes} [Wed Apr  8 03:18:58 2020] POST / => generated 0 bytes in 2 msecs (HTTP/1.0 200) 2 headers in 121 bytes (1 switches on core 0)
[pid: 1|app: 0|req: 5/5] 192.168.10.99 () {40 vars in 507 bytes} [Wed Apr  8 03:19:00 2020] POST / => generated 538 bytes in 10 msecs (HTTP/1.1 200) 2 headers in 121 bytes (1 switches on core 0)
[pid: 1|app: 0|req: 6/6] 192.168.10.99 () {42 vars in 580 bytes} [Wed Apr  8 03:19:00 2020] POST / => generated 0 bytes in 3 msecs (HTTP/1.1 200) 2 headers in 121 bytes (1 switches on core 0)
[pid: 1|app: 0|req: 7/7] 192.168.192.7 () {40 vars in 491 bytes} [Wed Apr  8 03:19:07 2020] POST / => generated 538 bytes in 10 msecs (HTTP/1.0 200) 2 headers in 121 bytes (1 switches on core 0)
[pid: 1|app: 0|req: 8/8] 192.168.192.7 () {42 vars in 564 bytes} [Wed Apr  8 03:19:07 2020] POST / => generated 0 bytes in 4 msecs (HTTP/1.0 200) 2 headers in 121 bytes (1 switches on core 0)
